Using pre-set license
Built from '2020.2/release' branch; Version is '2020.2.0f1 (3721df5a8b28) revision 3613151'; Using compiler version '192528614'; Build Type 'Release'
OS: 'Windows 10  (10.0.0) 64bit' Language: 'en' Physical Memory: 6082 MB
BatchMode: 1, IsHumanControllingUs: 0, StartBugReporterOnCrash: 0, Is64bit: 1, IsPro: 0

 COMMAND LINE ARGUMENTS:
C:\Program Files\Unity\Hub\Editor\2020.2.0f1\Editor\Unity.exe
-adb2
-batchMode
-noUpm
-name
AssetImportWorker0
-projectPath
C:/Users/natha/OneDrive/Desktop/Unity Projects/Castle-Defence/Castle Defence
-logFile
Logs/AssetImportWorker0.log
-srvPort
50337
Successfully changed project path to: C:/Users/natha/OneDrive/Desktop/Unity Projects/Castle-Defence/Castle Defence
C:/Users/natha/OneDrive/Desktop/Unity Projects/Castle-Defence/Castle Defence
Using Asset Import Pipeline V2.
Refreshing native plugins compatible for Editor in 124.18 ms, found 0 plugins.
Preloading 0 native plugins for Editor in 0.00 ms.
Initialize engine version: 2020.2.0f1 (3721df5a8b28)
[Subsystems] Discovering subsystems at path C:/Program Files/Unity/Hub/Editor/2020.2.0f1/Editor/Data/Resources/UnitySubsystems
[Subsystems] Discovering subsystems at path C:/Users/natha/OneDrive/Desktop/Unity Projects/Castle-Defence/Castle Defence/Assets
GfxDevice: creating device client; threaded=0
Direct3D:
    Version:  Direct3D 11.0 [level 11.1]
    Renderer: AMD Radeon(TM) Vega 8 Graphics (ID=0x15d8)
    Vendor:   
    VRAM:     3041 MB
    Driver:   27.20.1028.1
Initialize mono
Mono path[0] = 'C:/Program Files/Unity/Hub/Editor/2020.2.0f1/Editor/Data/Managed'
Mono path[1] = 'C:/Program Files/Unity/Hub/Editor/2020.2.0f1/Editor/Data/MonoBleedingEdge/lib/mono/unityjit'
Mono config path = 'C:/Program Files/Unity/Hub/Editor/2020.2.0f1/Editor/Data/MonoBleedingEdge/etc'
Using monoOptions --debugger-agent=transport=dt_socket,embedding=1,server=y,suspend=n,address=127.0.0.1:56088
Begin MonoManager ReloadAssembly
Registering precompiled unity dll's ...
Register platform support module: C:/Program Files/Unity/Hub/Editor/2020.2.0f1/Editor/Data/PlaybackEngines/WebGLSupport/UnityEditor.WebGL.Extensions.dll
Register platform support module: C:/Program Files/Unity/Hub/Editor/2020.2.0f1/Editor/Data/PlaybackEngines/WindowsStandaloneSupport/UnityEditor.WindowsStandalone.Extensions.dll
Registered in 0.007674 seconds.
Native extension for WindowsStandalone target not found
Native extension for WebGL target not found
Refreshing native plugins compatible for Editor in 91.94 ms, found 0 plugins.
Preloading 0 native plugins for Editor in 0.00 ms.
Invoked RoslynAnalysisRunner static constructor.
RoslynAnalysisRunner will not be running.
RoslynAnalysisRunner has terminated.
Mono: successfully reloaded assembly
- Completed reload, in 10.718 seconds
Platform modules already initialized, skipping
Registering precompiled user dll's ...
Registered in 0.011569 seconds.
Begin MonoManager ReloadAssembly
Native extension for WindowsStandalone target not found
Native extension for WebGL target not found
Refreshing native plugins compatible for Editor in 0.97 ms, found 0 plugins.
Preloading 0 native plugins for Editor in 0.00 ms.
Invoked RoslynAnalysisRunner static constructor.
RoslynAnalysisRunner will not be running.
RoslynAnalysisRunner has terminated.
Mono: successfully reloaded assembly
- Completed reload, in  1.946 seconds
Platform modules already initialized, skipping
========================================================================
Worker process is ready to serve import requests
Launched and connected shader compiler UnityShaderCompiler.exe after 0.11 seconds
Refreshing native plugins compatible for Editor in 1.00 ms, found 0 plugins.
Preloading 0 native plugins for Editor in 0.00 ms.
Unloading 1437 Unused Serialized files (Serialized files now loaded: 0)
System memory in use before: 65.9 MB.
System memory in use after: 66.0 MB.

Unloading 35 unused Assets to reduce memory usage. Loaded Objects now: 1866.
Total: 3.967200 ms (FindLiveObjects: 0.478300 ms CreateObjectMapping: 0.177700 ms MarkObjects: 3.223700 ms  DeleteObjects: 0.083400 ms)

========================================================================
Received Import Request.
  path: Assets/Plugins/SimpleInput
  artifactKey: Guid(9d2301f0f282ad74d83c4555fc427d11) Importer(815301076,1909f56bfc062723c751e8b465ee728b)
Start importing Assets/Plugins/SimpleInput using Guid(9d2301f0f282ad74d83c4555fc427d11) Importer(815301076,1909f56bfc062723c751e8b465ee728b)  -> (artifact id: '462c161056d010734f817c2dc1b8f65e') in 0.017125 seconds
  Import took 0.023289 seconds .

========================================================================
Received Import Request.
  Time since last request: 0.000867 seconds.
  path: Assets/Plugins/SimpleInput/ExtraResources.unitypackage
  artifactKey: Guid(c2977ea9c52e9824688491c7c6d3f490) Importer(815301076,1909f56bfc062723c751e8b465ee728b)
Start importing Assets/Plugins/SimpleInput/ExtraResources.unitypackage using Guid(c2977ea9c52e9824688491c7c6d3f490) Importer(815301076,1909f56bfc062723c751e8b465ee728b)  -> (artifact id: '852001cd8206ef9a1434de423387aaee') in 0.055517 seconds
  Import took 0.063343 seconds .

========================================================================
Received Import Request.
  Time since last request: 174.886354 seconds.
  path: Assets/Scripts/Player.cs
  artifactKey: Guid(76e4b13f6651a4c40b55d71fd9028198) Importer(815301076,1909f56bfc062723c751e8b465ee728b)
Start importing Assets/Scripts/Player.cs using Guid(76e4b13f6651a4c40b55d71fd9028198) Importer(815301076,1909f56bfc062723c751e8b465ee728b)  -> (artifact id: '9a4d180543e213a69bacec0fa7fcd7f6') in 0.063948 seconds
  Import took 0.068692 seconds .

========================================================================
Received Import Request.
  Time since last request: 30.167324 seconds.
  path: Assets/Scripts/Player.cs
  artifactKey: Guid(76e4b13f6651a4c40b55d71fd9028198) Importer(815301076,1909f56bfc062723c751e8b465ee728b)
Start importing Assets/Scripts/Player.cs using Guid(76e4b13f6651a4c40b55d71fd9028198) Importer(815301076,1909f56bfc062723c751e8b465ee728b)  -> (artifact id: '7ba8957d6ed5115f8af57292e3e18a6f') in 0.008482 seconds
  Import took 0.063035 seconds .

========================================================================
Received Prepare
Registering precompiled user dll's ...
Registered in 0.013118 seconds.
Begin MonoManager ReloadAssembly
Native extension for WindowsStandalone target not found
Native extension for WebGL target not found
Refreshing native plugins compatible for Editor in 1.21 ms, found 0 plugins.
Preloading 0 native plugins for Editor in 0.00 ms.
Invoked RoslynAnalysisRunner static constructor.
RoslynAnalysisRunner will not be running.
RoslynAnalysisRunner has terminated.
Mono: successfully reloaded assembly
- Completed reload, in  4.471 seconds
Platform modules already initialized, skipping
Refreshing native plugins compatible for Editor in 1.08 ms, found 0 plugins.
Preloading 0 native plugins for Editor in 0.00 ms.
Unloading 1433 Unused Serialized files (Serialized files now loaded: 0)
System memory in use before: 69.3 MB.
System memory in use after: 69.4 MB.

Unloading 26 unused Assets to reduce memory usage. Loaded Objects now: 1870.
Total: 5.976100 ms (FindLiveObjects: 0.423800 ms CreateObjectMapping: 0.156800 ms MarkObjects: 5.338600 ms  DeleteObjects: 0.051800 ms)

========================================================================
Received Import Request.
  Time since last request: 65.742627 seconds.
  path: Assets/Plugins/SimpleInput/Prefabs/ArrowsVertical.prefab
  artifactKey: Guid(afec60b2ce5345c4782cc0a45e5fa926) Importer(815301076,1909f56bfc062723c751e8b465ee728b)
Start importing Assets/Plugins/SimpleInput/Prefabs/ArrowsVertical.prefab using Guid(afec60b2ce5345c4782cc0a45e5fa926) Importer(815301076,1909f56bfc062723c751e8b465ee728b)  -> (artifact id: '7b8508834b8caf2478bdf4554ea98fab') in 0.090914 seconds
  Import took 0.094951 seconds .

========================================================================
Received Import Request.
  Time since last request: 1.530587 seconds.
  path: Assets/Plugins/SimpleInput/Prefabs/ArrowsHorizontal.prefab
  artifactKey: Guid(3066c3a8fcfd6fc4482868bf62045594) Importer(815301076,1909f56bfc062723c751e8b465ee728b)
Start importing Assets/Plugins/SimpleInput/Prefabs/ArrowsHorizontal.prefab using Guid(3066c3a8fcfd6fc4482868bf62045594) Importer(815301076,1909f56bfc062723c751e8b465ee728b)  -> (artifact id: '0632cff9f050e836c9b20b92b313cf8c') in 0.021181 seconds
  Import took 0.029263 seconds .

========================================================================
Received Prepare
Registering precompiled user dll's ...
Registered in 0.011180 seconds.
Begin MonoManager ReloadAssembly
Native extension for WindowsStandalone target not found
Native extension for WebGL target not found
Refreshing native plugins compatible for Editor in 1.16 ms, found 0 plugins.
Preloading 0 native plugins for Editor in 0.00 ms.
Invoked RoslynAnalysisRunner static constructor.
RoslynAnalysisRunner will not be running.
RoslynAnalysisRunner has terminated.
Mono: successfully reloaded assembly
- Completed reload, in  2.143 seconds
Platform modules already initialized, skipping
Refreshing native plugins compatible for Editor in 1.46 ms, found 0 plugins.
Preloading 0 native plugins for Editor in 0.00 ms.
Unloading 1434 Unused Serialized files (Serialized files now loaded: 0)
System memory in use before: 69.4 MB.
System memory in use after: 69.5 MB.

Unloading 26 unused Assets to reduce memory usage. Loaded Objects now: 1872.
Total: 4.661000 ms (FindLiveObjects: 0.532400 ms CreateObjectMapping: 0.188200 ms MarkObjects: 3.879700 ms  DeleteObjects: 0.057600 ms)

========================================================================
Received Import Request.
  Time since last request: 112.938024 seconds.
  path: Assets/Plugins/SimpleInput/Prefabs/DpadMultiplePieces.prefab
  artifactKey: Guid(f85b4a2b127c8b844b3e08d59561124d) Importer(815301076,1909f56bfc062723c751e8b465ee728b)
Start importing Assets/Plugins/SimpleInput/Prefabs/DpadMultiplePieces.prefab using Guid(f85b4a2b127c8b844b3e08d59561124d) Importer(815301076,1909f56bfc062723c751e8b465ee728b)  -> (artifact id: '4bb2dc6de8834a79781e611349245870') in 0.070432 seconds
  Import took 0.075066 seconds .

========================================================================
Received Import Request.
  Time since last request: 0.003518 seconds.
  path: Assets/Plugins/SimpleInput/Prefabs/DpadMultiplePieces.prefab
  artifactKey: Guid(f85b4a2b127c8b844b3e08d59561124d) Importer(815301076,1909f56bfc062723c751e8b465ee728b)
Start importing Assets/Plugins/SimpleInput/Prefabs/DpadMultiplePieces.prefab using Guid(f85b4a2b127c8b844b3e08d59561124d) Importer(815301076,1909f56bfc062723c751e8b465ee728b)  -> (artifact id: '4bb2dc6de8834a79781e611349245870') in 0.020674 seconds
  Import took 0.035953 seconds .

========================================================================
Received Import Request.
  Time since last request: 1.255485 seconds.
  path: Assets/Plugins/SimpleInput/Prefabs/DpadOnePiece.prefab
  artifactKey: Guid(fc57d97f3d02d954fb2ef7f56d585ce3) Importer(815301076,1909f56bfc062723c751e8b465ee728b)
Start importing Assets/Plugins/SimpleInput/Prefabs/DpadOnePiece.prefab using Guid(fc57d97f3d02d954fb2ef7f56d585ce3) Importer(815301076,1909f56bfc062723c751e8b465ee728b)  -> (artifact id: '99a1b7de32ced2c9658047d9251a3fde') in 0.016934 seconds
  Import took 0.024724 seconds .

========================================================================
Received Import Request.
  Time since last request: 15.581932 seconds.
  path: Assets/Plugins/SimpleInput/Scripts/ButtonInputs
  artifactKey: Guid(3e3e0fe2f5f89b7418d8b0f774e1465c) Importer(815301076,1909f56bfc062723c751e8b465ee728b)
Start importing Assets/Plugins/SimpleInput/Scripts/ButtonInputs using Guid(3e3e0fe2f5f89b7418d8b0f774e1465c) Importer(815301076,1909f56bfc062723c751e8b465ee728b)  -> (artifact id: 'bc891fb91242c64c9f809e9b8c46a52d') in 0.013150 seconds
  Import took 0.028801 seconds .

========================================================================
Received Import Request.
  Time since last request: 8.402650 seconds.
  path: Assets/Plugins/SimpleInput/Prefabs
  artifactKey: Guid(9b26e804aebd79444bab51f94094846b) Importer(815301076,1909f56bfc062723c751e8b465ee728b)
Start importing Assets/Plugins/SimpleInput/Prefabs using Guid(9b26e804aebd79444bab51f94094846b) Importer(815301076,1909f56bfc062723c751e8b465ee728b)  -> (artifact id: 'fa018aa94ffe2c4f8b28aef3a7b14219') in 0.018903 seconds
  Import took 0.025884 seconds .

